<?xml version="1.0" encoding="UTF-8"?>
<coverage generated="1773064761214" clover="3.2.0">
  <project timestamp="1773064761214" name="All files">
    <metrics statements="2" coveredstatements="0" conditionals="2" coveredconditionals="0" methods="0" coveredmethods="0" elements="4" coveredelements="0" complexity="0" loc="2" ncloc="2" packages="1" files="1" classes="1"/>
    <file name=".eslintrc.js" path="/home/egoreast/Programming/slovo-istiny-mobile/.eslintrc.js">
      <metrics statements="2" coveredstatements="0" conditionals="2" coveredconditionals="0" methods="0" coveredmethods="0"/>
      <line num="1" count="0" type="stmt"/>
      <line num="3" count="0" type="stmt"/>
    </file>
  </project>
</coverage>
