{
  "/home/egoreast/Programming/slovo-istiny-mobile/.eslintrc.js": {
    "path": "/home/egoreast/Programming/slovo-istiny-mobile/.eslintrc.js",
    "statementMap": {
      "0": { "start": { "line": 1, "column": 16 }, "end": { "line": 1, "column": 34 } },
      "1": { "start": { "line": 3, "column": 0 }, "end": { "line": 70, "column": 2 } }
    },
    "fnMap": {},
    "branchMap": {
      "0": {
        "loc": { "start": { "line": 43, "column": 33 }, "end": { "line": 43, "column": 82 } },
        "type": "cond-expr",
        "locations": [
          { "start": { "line": 43, "column": 64 }, "end": { "line": 43, "column": 73 } },
          { "start": { "line": 43, "column": 76 }, "end": { "line": 43, "column": 82 } }
        ],
        "line": 43
      }
    },
    "s": { "0": 0, "1": 0 },
    "f": {},
    "b": { "0": [0, 0] }
  }
}
